<?xml version="1.0" encoding="UTF-8"?>
<testng-results ignored="0" total="1" passed="1" failed="0" skipped="0">
  <reporter-output>
  </reporter-output>
  <suite started-at="2026-01-27T13:50:37 IST" name="Default suite" finished-at="2026-01-27T13:50:50 IST" duration-ms="12664">
    <groups>
    </groups>
    <test started-at="2026-01-27T13:50:37 IST" name="Default test" finished-at="2026-01-27T13:50:50 IST" duration-ms="12664">
      <class name="basiclocators.Test1">
        <test-method signature="Test1()[pri:0, instance:basiclocators.Test1@409bf450]" started-at="2026-01-27T13:50:37 IST" name="Test1" finished-at="2026-01-27T13:50:50 IST" duration-ms="12570" status="PASS">
          <reporter-output>
          </reporter-output>
        </test-method> <!-- Test1 -->
      </class> <!-- basiclocators.Test1 -->
    </test> <!-- Default test -->
  </suite> <!-- Default suite -->
</testng-results>
